<?xml version="1.0" encoding="UTF-8"?>
<!-- Generated by org.testng.reporters.JUnitReportReporter -->
<testsuite skipped="0" hostname="DiptiDash-PC" name="annotations.Annotationsfile" tests="3" failures="0" timestamp="05 Aug 2020 13:45:40 GMT" time="43.952" errors="0">
  <testcase name="accenture" time="9.079" classname="annotations.Annotationsfile"/>
  <testcase name="wipro" time="8.907" classname="annotations.Annotationsfile"/>
  <testcase name="tcs" time="25.966" classname="annotations.Annotationsfile"/>
</testsuite> <!-- annotations.Annotationsfile -->
