<?xml version="1.0" encoding="UTF-8"?>
<!-- Generated by org.testng.reporters.JUnitReportReporter -->
<testsuite skipped="0" hostname="DiptiDash-PC" name="annototations.Annotataions" tests="3" failures="0" timestamp="03 Aug 2020 05:52:07 GMT" time="0.021" errors="0">
  <testcase name="ford" time="0.003" classname="annototations.Annotataions"/>
  <testcase name="benz" time="0.014" classname="annototations.Annotataions"/>
  <testcase name="bmw" time="0.004" classname="annototations.Annotataions"/>
</testsuite> <!-- annototations.Annotataions -->
